\BOOKMARK [0][-]{chapter.1}{\376\377\000Q\000u\000i\000c\000k\000s\000t\000a\000r\000t}{}% 1
\BOOKMARK [1][-]{section.1.1}{\376\377\000P\000r\000e\000r\000e\000q\000u\000i\000s\000i\000t\000e\000s}{chapter.1}% 2
\BOOKMARK [1][-]{section.1.2}{\376\377\000U\000s\000i\000n\000g\000\040\000A\000\040\000P\000r\000e\000b\000u\000i\000l\000t\000\040\000D\000o\000c\000k\000e\000r\000\040\000C\000o\000n\000t\000a\000i\000n\000e\000r}{chapter.1}% 3
\BOOKMARK [1][-]{section.1.3}{\376\377\000B\000u\000i\000l\000d\000i\000n\000g\000\040\000F\000r\000o\000m\000\040\000S\000o\000u\000r\000c\000e\000\040\000C\000o\000d\000e}{chapter.1}% 4
\BOOKMARK [1][-]{section.1.4}{\376\377\000R\000u\000n\000\040\000T\000e\000n\000s\000o\000r\000R\000T\000\040\000I\000n\000f\000e\000r\000e\000n\000c\000e\000\040\000S\000e\000r\000v\000e\000r}{chapter.1}% 5
\BOOKMARK [1][-]{section.1.5}{\376\377\000V\000e\000r\000i\000f\000y\000\040\000I\000n\000f\000e\000r\000e\000n\000c\000e\000\040\000S\000e\000r\000v\000e\000r\000\040\000I\000s\000\040\000R\000u\000n\000n\000i\000n\000g\000\040\000C\000o\000r\000r\000e\000c\000t\000l\000y}{chapter.1}% 6
\BOOKMARK [1][-]{section.1.6}{\376\377\000B\000u\000i\000l\000d\000i\000n\000g\000\040\000T\000h\000e\000\040\000C\000l\000i\000e\000n\000t\000\040\000E\000x\000a\000m\000p\000l\000e\000s}{chapter.1}% 7
\BOOKMARK [1][-]{section.1.7}{\376\377\000R\000u\000n\000n\000i\000n\000g\000\040\000T\000h\000e\000\040\000I\000m\000a\000g\000e\000\040\000C\000l\000a\000s\000s\000i\000f\000i\000c\000a\000t\000i\000o\000n\000\040\000E\000x\000a\000m\000p\000l\000e}{chapter.1}% 8
\BOOKMARK [0][-]{chapter.2}{\376\377\000I\000n\000s\000t\000a\000l\000l\000i\000n\000g\000\040\000t\000h\000e\000\040\000S\000e\000r\000v\000e\000r}{}% 9
\BOOKMARK [1][-]{section.2.1}{\376\377\000I\000n\000s\000t\000a\000l\000l\000i\000n\000g\000\040\000P\000r\000e\000b\000u\000i\000l\000t\000\040\000C\000o\000n\000t\000a\000i\000n\000e\000r\000s}{chapter.2}% 10
\BOOKMARK [0][-]{chapter.3}{\376\377\000R\000u\000n\000n\000i\000n\000g\000\040\000t\000h\000e\000\040\000S\000e\000r\000v\000e\000r}{}% 11
\BOOKMARK [1][-]{section.3.1}{\376\377\000E\000x\000a\000m\000p\000l\000e\000\040\000M\000o\000d\000e\000l\000\040\000R\000e\000p\000o\000s\000i\000t\000o\000r\000y}{chapter.3}% 12
\BOOKMARK [1][-]{section.3.2}{\376\377\000R\000u\000n\000n\000i\000n\000g\000\040\000T\000h\000e\000\040\000I\000n\000f\000e\000r\000e\000n\000c\000e\000\040\000S\000e\000r\000v\000e\000r}{chapter.3}% 13
\BOOKMARK [1][-]{section.3.3}{\376\377\000R\000u\000n\000n\000i\000n\000g\000\040\000T\000h\000e\000\040\000I\000n\000f\000e\000r\000e\000n\000c\000e\000\040\000S\000e\000r\000v\000e\000r\000\040\000O\000n\000\040\000A\000\040\000S\000y\000s\000t\000e\000m\000\040\000W\000i\000t\000h\000o\000u\000t\000\040\000A\000\040\000G\000P\000U}{chapter.3}% 14
\BOOKMARK [1][-]{section.3.4}{\376\377\000C\000h\000e\000c\000k\000i\000n\000g\000\040\000I\000n\000f\000e\000r\000e\000n\000c\000e\000\040\000S\000e\000r\000v\000e\000r\000\040\000S\000t\000a\000t\000u\000s}{chapter.3}% 15
\BOOKMARK [0][-]{chapter.4}{\376\377\000C\000l\000i\000e\000n\000t\000\040\000L\000i\000b\000r\000a\000r\000i\000e\000s\000\040\000a\000n\000d\000\040\000E\000x\000a\000m\000p\000l\000e\000s}{}% 16
\BOOKMARK [1][-]{section.4.1}{\376\377\000B\000u\000i\000l\000d\000i\000n\000g\000\040\000t\000h\000e\000\040\000C\000l\000i\000e\000n\000t\000\040\000L\000i\000b\000r\000a\000r\000i\000e\000s\000\040\000a\000n\000d\000\040\000E\000x\000a\000m\000p\000l\000e\000s}{chapter.4}% 17
\BOOKMARK [1][-]{section.4.2}{\376\377\000I\000m\000a\000g\000e\000\040\000C\000l\000a\000s\000s\000i\000f\000i\000c\000a\000t\000i\000o\000n\000\040\000E\000x\000a\000m\000p\000l\000e\000\040\000A\000p\000p\000l\000i\000c\000a\000t\000i\000o\000n}{chapter.4}% 18
\BOOKMARK [1][-]{section.4.3}{\376\377\000P\000e\000r\000f\000o\000r\000m\000a\000n\000c\000e\000\040\000E\000x\000a\000m\000p\000l\000e\000\040\000A\000p\000p\000l\000i\000c\000a\000t\000i\000o\000n}{chapter.4}% 19
\BOOKMARK [1][-]{section.4.4}{\376\377\000C\000l\000i\000e\000n\000t\000\040\000A\000P\000I}{chapter.4}% 20
\BOOKMARK [0][-]{chapter.5}{\376\377\000M\000o\000d\000e\000l\000\040\000R\000e\000p\000o\000s\000i\000t\000o\000r\000y}{}% 21
\BOOKMARK [1][-]{section.5.1}{\376\377\000M\000o\000d\000i\000f\000y\000i\000n\000g\000\040\000t\000h\000e\000\040\000M\000o\000d\000e\000l\000\040\000R\000e\000p\000o\000s\000i\000t\000o\000r\000y}{chapter.5}% 22
\BOOKMARK [1][-]{section.5.2}{\376\377\000M\000o\000d\000e\000l\000\040\000V\000e\000r\000s\000i\000o\000n\000s}{chapter.5}% 23
\BOOKMARK [1][-]{section.5.3}{\376\377\000F\000r\000a\000m\000e\000w\000o\000r\000k\000\040\000M\000o\000d\000e\000l\000\040\000D\000e\000f\000i\000n\000i\000t\000i\000o\000n}{chapter.5}% 24
\BOOKMARK [1][-]{section.5.4}{\376\377\000C\000u\000s\000t\000o\000m\000\040\000B\000a\000c\000k\000e\000n\000d\000s}{chapter.5}% 25
\BOOKMARK [0][-]{chapter.6}{\376\377\000M\000o\000d\000e\000l\000\040\000C\000o\000n\000f\000i\000g\000u\000r\000a\000t\000i\000o\000n}{}% 26
\BOOKMARK [1][-]{section.6.1}{\376\377\000G\000e\000n\000e\000r\000a\000t\000e\000d\000\040\000M\000o\000d\000e\000l\000\040\000C\000o\000n\000f\000i\000g\000u\000r\000a\000t\000i\000o\000n}{chapter.6}% 27
\BOOKMARK [1][-]{section.6.2}{\376\377\000D\000a\000t\000a\000t\000y\000p\000e\000s}{chapter.6}% 28
\BOOKMARK [1][-]{section.6.3}{\376\377\000V\000e\000r\000s\000i\000o\000n\000\040\000P\000o\000l\000i\000c\000y}{chapter.6}% 29
\BOOKMARK [1][-]{section.6.4}{\376\377\000I\000n\000s\000t\000a\000n\000c\000e\000\040\000G\000r\000o\000u\000p\000s}{chapter.6}% 30
\BOOKMARK [1][-]{section.6.5}{\376\377\000D\000y\000n\000a\000m\000i\000c\000\040\000B\000a\000t\000c\000h\000i\000n\000g}{chapter.6}% 31
\BOOKMARK [1][-]{section.6.6}{\376\377\000O\000p\000t\000i\000m\000i\000z\000a\000t\000i\000o\000n\000\040\000P\000o\000l\000i\000c\000y}{chapter.6}% 32
\BOOKMARK [0][-]{chapter.7}{\376\377\000I\000n\000f\000e\000r\000e\000n\000c\000e\000\040\000S\000e\000r\000v\000e\000r\000\040\000A\000P\000I}{}% 33
\BOOKMARK [1][-]{section.7.1}{\376\377\000H\000e\000a\000l\000t\000h}{chapter.7}% 34
\BOOKMARK [1][-]{section.7.2}{\376\377\000S\000t\000a\000t\000u\000s}{chapter.7}% 35
\BOOKMARK [1][-]{section.7.3}{\376\377\000I\000n\000f\000e\000r\000e\000n\000c\000e}{chapter.7}% 36
\BOOKMARK [1][-]{section.7.4}{\376\377\000S\000t\000r\000e\000a\000m\000\040\000I\000n\000f\000e\000r\000e\000n\000c\000e}{chapter.7}% 37
\BOOKMARK [0][-]{chapter.8}{\376\377\000M\000e\000t\000r\000i\000c\000s}{}% 38
\BOOKMARK [0][-]{chapter.9}{\376\377\000A\000r\000c\000h\000i\000t\000e\000c\000t\000u\000r\000e}{}% 39
\BOOKMARK [1][-]{section.9.1}{\376\377\000C\000o\000n\000c\000u\000r\000r\000e\000n\000t\000\040\000M\000o\000d\000e\000l\000\040\000E\000x\000e\000c\000u\000t\000i\000o\000n}{chapter.9}% 40
\BOOKMARK [0][-]{chapter.10}{\376\377\000C\000o\000n\000t\000r\000i\000b\000u\000t\000i\000n\000g}{}% 41
\BOOKMARK [1][-]{section.10.1}{\376\377\000C\000o\000d\000i\000n\000g\000\040\000C\000o\000n\000v\000e\000n\000t\000i\000o\000n}{chapter.10}% 42
\BOOKMARK [0][-]{chapter.11}{\376\377\000B\000u\000i\000l\000d\000i\000n\000g}{}% 43
\BOOKMARK [1][-]{section.11.1}{\376\377\000B\000u\000i\000l\000d\000i\000n\000g\000\040\000t\000h\000e\000\040\000S\000e\000r\000v\000e\000r}{chapter.11}% 44
\BOOKMARK [1][-]{section.11.2}{\376\377\000B\000u\000i\000l\000d\000i\000n\000g\000\040\000t\000h\000e\000\040\000C\000l\000i\000e\000n\000t\000\040\000L\000i\000b\000r\000a\000r\000i\000e\000s\000\040\000a\000n\000d\000\040\000E\000x\000a\000m\000p\000l\000e\000s}{chapter.11}% 45
\BOOKMARK [1][-]{section.11.3}{\376\377\000B\000u\000i\000l\000d\000i\000n\000g\000\040\000t\000h\000e\000\040\000D\000o\000c\000u\000m\000e\000n\000t\000a\000t\000i\000o\000n}{chapter.11}% 46
\BOOKMARK [0][-]{chapter.12}{\376\377\000T\000e\000s\000t\000i\000n\000g}{}% 47
\BOOKMARK [1][-]{section.12.1}{\376\377\000G\000e\000n\000e\000r\000a\000t\000e\000\040\000Q\000A\000\040\000M\000o\000d\000e\000l\000\040\000R\000e\000p\000o\000s\000i\000t\000o\000r\000i\000e\000s}{chapter.12}% 48
\BOOKMARK [1][-]{section.12.2}{\376\377\000B\000u\000i\000l\000d\000\040\000Q\000A\000\040\000C\000o\000n\000t\000a\000i\000n\000e\000r}{chapter.12}% 49
\BOOKMARK [1][-]{section.12.3}{\376\377\000R\000u\000n\000\040\000Q\000A\000\040\000C\000o\000n\000t\000a\000i\000n\000e\000r}{chapter.12}% 50
\BOOKMARK [0][-]{chapter.13}{\376\377\000P\000r\000o\000t\000o\000b\000u\000f\000\040\000A\000P\000I}{}% 51
\BOOKMARK [1][-]{section.13.1}{\376\377\000H\000T\000T\000P\000/\000G\000R\000P\000C\000\040\000A\000P\000I}{chapter.13}% 52
\BOOKMARK [1][-]{section.13.2}{\376\377\000M\000o\000d\000e\000l\000\040\000C\000o\000n\000f\000i\000g\000u\000r\000a\000t\000i\000o\000n}{chapter.13}% 53
\BOOKMARK [1][-]{section.13.3}{\376\377\000S\000t\000a\000t\000u\000s}{chapter.13}% 54
\BOOKMARK [0][-]{chapter.14}{\376\377\000C\000+\000+\000\040\000A\000P\000I}{}% 55
\BOOKMARK [1][-]{section.14.1}{\376\377\000C\000l\000a\000s\000s\000\040\000H\000i\000e\000r\000a\000r\000c\000h\000y}{chapter.14}% 56
\BOOKMARK [1][-]{section.14.2}{\376\377\000F\000i\000l\000e\000\040\000H\000i\000e\000r\000a\000r\000c\000h\000y}{chapter.14}% 57
\BOOKMARK [1][-]{section.14.3}{\376\377\000F\000u\000l\000l\000\040\000A\000P\000I}{chapter.14}% 58
\BOOKMARK [0][-]{chapter.15}{\376\377\000P\000y\000t\000h\000o\000n\000\040\000A\000P\000I}{}% 59
\BOOKMARK [1][-]{section.15.1}{\376\377\000C\000l\000i\000e\000n\000t}{chapter.15}% 60
\BOOKMARK [0][-]{chapter.16}{\376\377\000I\000n\000d\000i\000c\000e\000s\000\040\000a\000n\000d\000\040\000t\000a\000b\000l\000e\000s}{}% 61
